2021-03-27 15:26:12 INFO  JSONRunner:11 - Program is running
2021-03-27 15:26:12 INFO  ParserJson:22 - method fromJSON is start 
2021-03-27 15:26:12 INFO  ParserJson:28 - configuration data is read
2021-03-27 15:26:12 INFO  RenameFiles:19 - files C:/1.txt are not renamed
2021-03-27 15:26:12 INFO  RenameFiles:19 - files C:/2.txt are not renamed
2021-03-27 15:26:12 INFO  RenameFiles:19 - files C:/3.txt are not renamed
2021-03-27 15:26:12 INFO  JSONRunner:14 - Program is end
2021-03-29 16:06:31 INFO  JSONRunner:11 - Program is running
2021-03-29 16:06:31 INFO  ParserJson:22 - method fromJSON is start 
2021-03-29 16:06:31 INFO  ParserJson:28 - configuration data is read
2021-03-29 16:06:31 INFO  RenameFiles:19 - files C:/1.txt are not renamed
2021-03-29 16:06:31 INFO  RenameFiles:19 - files C:/2.txt are not renamed
2021-03-29 16:06:31 INFO  RenameFiles:19 - files C:/3.txt are not renamed
2021-03-29 16:06:31 INFO  JSONRunner:14 - Program is end
2021-03-29 16:21:33 INFO  JSONRunner:11 - Program is running
2021-03-29 16:21:33 INFO  ParserJson:22 - method fromJSON is start 
2021-03-29 16:21:33 INFO  ParserJson:28 - configuration data is read
2021-03-29 16:21:33 INFO  RenameFiles:19 - files C:/1.txt are not renamed
2021-03-29 16:21:33 INFO  RenameFiles:19 - files C:/2.txt are not renamed
2021-03-29 16:21:33 INFO  RenameFiles:19 - files C:/3.txt are not renamed
2021-03-29 16:21:33 INFO  JSONRunner:14 - Program is end
2021-03-29 18:46:10 INFO  JSONRunner:11 - Program is running
2021-03-29 18:46:10 INFO  ParserJson:22 - method fromJSON is start 
2021-03-29 18:46:10 INFO  ParserJson:28 - configuration data is read
2021-03-29 18:46:10 INFO  RenameFiles:19 - files C:/1.txt are not renamed
2021-03-29 18:46:10 INFO  RenameFiles:19 - files C:/2.txt are not renamed
2021-03-29 18:46:10 INFO  RenameFiles:19 - files C:/3.txt are not renamed
2021-03-29 18:46:10 INFO  JSONRunner:14 - Program is end
2021-03-29 18:49:29 INFO  JSONRunner:12 - Program is running
2021-03-29 18:49:29 INFO  ParserJson:22 - method fromJSON is start 
2021-03-29 18:49:29 INFO  ParserJson:28 - configuration data is read
2021-03-29 18:49:29 INFO  RenameFiles:19 - files C:/1.txt are not renamed
2021-03-29 18:49:29 INFO  RenameFiles:19 - files C:/2.txt are not renamed
2021-03-29 18:49:29 INFO  RenameFiles:19 - files C:/3.txt are not renamed
2021-03-29 18:49:29 INFO  JSONRunner:15 - Program is end
2021-03-29 19:05:40 INFO  JSONRunner:12 - Program is running
2021-03-29 19:05:40 INFO  ParserJson:22 - method fromJSON is start 
2021-03-29 19:05:40 INFO  ParserJson:32 - configuration data is read
2021-03-29 19:05:40 INFO  RenameFiles:17 - files are renamed
2021-03-29 19:05:40 INFO  RenameFiles:17 - files are renamed
2021-03-29 19:05:40 INFO  RenameFiles:17 - files are renamed
2021-03-29 19:05:40 INFO  JSONRunner:15 - Program is end
2021-03-31 13:34:37 INFO  XmlParser:22 - method fromJSON is start 
2021-03-31 13:34:37 ERROR XmlParser:36 - error has caught
org.xml.sax.SAXParseException; lineNumber: 1; columnNumber: 20; XML version "1.8" is not supported, only XML 1.0 is supported.
	at com.sun.org.apache.xerces.internal.parsers.DOMParser.parse(DOMParser.java:262)
	at com.sun.org.apache.xerces.internal.jaxp.DocumentBuilderImpl.parse(DocumentBuilderImpl.java:339)
	at javax.xml.parsers.DocumentBuilder.parse(DocumentBuilder.java:121)
	at org.example.xml.XMLConfigurationReader.fromXML(XmlParser.java:31)
	at org.example.MyAppRunner.main(Runner.java:19)
2021-03-31 13:35:04 INFO  XmlParser:22 - method fromJSON is start 
2021-03-31 13:35:04 INFO  XmlParser:34 - configuration data is read
2021-03-31 13:38:27 INFO  XmlParser:22 - method fromJSON is start 
2021-03-31 13:38:27 INFO  XmlParser:34 - configuration data is read
2021-03-31 13:39:45 INFO  XmlParser:22 - method fromJSON is start 
2021-03-31 13:39:45 INFO  XmlParser:34 - configuration data is read
2021-03-31 13:42:47 INFO  XmlParser:22 - method fromJSON is start 
2021-03-31 13:42:47 INFO  XmlParser:34 - configuration data is read
2021-03-31 13:44:05 INFO  XmlParser:22 - method fromJSON is start 
2021-03-31 13:44:05 INFO  XmlParser:34 - configuration data is read
2021-03-31 14:03:26 INFO  XmlParser:22 - method fromJSON is start 
2021-03-31 14:03:26 INFO  XmlParser:34 - configuration data is read
2021-03-31 14:03:26 INFO  XmlParser:22 - method fromJSON is start 
2021-03-31 14:03:26 INFO  XmlParser:34 - configuration data is read
2021-03-31 14:03:26 INFO  XmlParser:22 - method fromJSON is start 
2021-03-31 14:03:26 INFO  XmlParser:34 - configuration data is read
2021-03-31 14:03:55 INFO  XmlParser:22 - method fromJSON is start 
2021-03-31 14:03:55 INFO  XmlParser:34 - configuration data is read
2021-03-31 14:04:53 INFO  XmlParser:22 - method fromJSON is start 
2021-03-31 14:04:53 INFO  XmlParser:34 - configuration data is read
2021-03-31 14:04:53 INFO  XmlParser:22 - method fromJSON is start 
2021-03-31 14:04:53 INFO  XmlParser:34 - configuration data is read
2021-03-31 15:05:08 INFO  Runner:19 - Program is running
2021-03-31 15:05:08 INFO  ParserJson:21 - method fromJSON is start 
2021-03-31 15:05:08 INFO  ParserJson:31 - configuration data is read
2021-03-31 15:05:08 INFO  RenameFiles:17 - files are renamed
2021-03-31 15:05:08 INFO  RenameFiles:17 - files are renamed
2021-03-31 15:05:08 INFO  RenameFiles:17 - files are renamed
2021-03-31 15:05:08 INFO  Runner:22 - Program is end
2021-03-31 15:05:08 INFO  XmlParser:31 - configuration data is read
2021-03-31 15:17:36 INFO  XmlParser:33 - configuration data is read
2021-03-31 15:19:59 INFO  XmlParser:33 - configuration data is read
2021-03-31 15:23:32 INFO  XmlParser:33 - configuration data is read
2021-03-31 15:24:02 INFO  XmlParser:33 - configuration data is read
2021-03-31 15:24:23 INFO  XmlParser:33 - configuration data is read
2021-03-31 15:24:35 INFO  XmlParser:33 - configuration data is read
2021-04-02 20:43:25 INFO  JSONConfigurationReader:17 - method fromJSON is start 
2021-04-02 20:47:20 INFO  JSONConfigurationReader:17 - method fromJSON is start 
2021-04-02 20:48:09 INFO  JSONConfigurationReader:17 - method fromJSON is start 
